{"C:\\Users\\la combe 9\\Documents\\BLOG\\BlogCreator4Engineer\\src\\test.ts": {"path":"C:\\Users\\la combe 9\\Documents\\BLOG\\BlogCreator4Engineer\\src\\test.ts","statementMap":{"0":{"start":{"line":18,"column":0},"end":{"line":21,"column":2}},"1":{"start":{"line":23,"column":16},"end":{"line":23,"column":58}},"2":{"start":{"line":25,"column":0},"end":{"line":25,"column":28}}},"fnMap":{},"branchMap":{},"s":{"0":1,"1":1,"2":1},"f":{},"b":{}}
,"C:\\Users\\la combe 9\\Documents\\BLOG\\BlogCreator4Engineer\\src\\app\\app.component.ts": {"path":"C:\\Users\\la combe 9\\Documents\\BLOG\\BlogCreator4Engineer\\src\\app\\app.component.ts","statementMap":{"0":{"start":{"line":8,"column":0},"end":{"line":10,"column":null}},"1":{"start":{"line":9,"column":2},"end":{"line":9,"column":24}},"2":{"start":{"line":8,"column":13},"end":{"line":10,"column":null}}},"fnMap":{"0":{"name":"(anonymous_0)","decl":{"start":{"line":8,"column":0},"end":{"line":8,"column":13}},"loc":{"start":{"line":8,"column":0},"end":{"line":10,"column":1}}}},"branchMap":{},"s":{"0":1,"1":2,"2":1},"f":{"0":2},"b":{}}
,"C:\\Users\\la combe 9\\Documents\\BLOG\\BlogCreator4Engineer\\src\\app\\components\\about\\about.component.ts": {"path":"C:\\Users\\la combe 9\\Documents\\BLOG\\BlogCreator4Engineer\\src\\app\\components\\about\\about.component.ts","statementMap":{"0":{"start":{"line":13,"column":0},"end":{"line":105,"column":null}},"1":{"start":{"line":15,"column":22},"end":{"line":15,"column":37}},"2":{"start":{"line":23,"column":4},"end":{"line":23,"column":32}},"3":{"start":{"line":24,"column":4},"end":{"line":24,"column":34}},"4":{"start":{"line":25,"column":4},"end":{"line":25,"column":26}},"5":{"start":{"line":26,"column":4},"end":{"line":26,"column":28}},"6":{"start":{"line":30,"column":4},"end":{"line":45,"column":null}},"7":{"start":{"line":31,"column":6},"end":{"line":41,"column":8}},"8":{"start":{"line":33,"column":10},"end":{"line":35,"column":null}},"9":{"start":{"line":34,"column":12},"end":{"line":34,"column":49}},"10":{"start":{"line":36,"column":10},"end":{"line":36,"column":72}},"11":{"start":{"line":39,"column":10},"end":{"line":39,"column":54}},"12":{"start":{"line":43,"column":6},"end":{"line":43,"column":61}},"13":{"start":{"line":44,"column":6},"end":{"line":44,"column":33}},"14":{"start":{"line":49,"column":4},"end":{"line":64,"column":null}},"15":{"start":{"line":50,"column":6},"end":{"line":60,"column":8}},"16":{"start":{"line":52,"column":10},"end":{"line":54,"column":null}},"17":{"start":{"line":53,"column":12},"end":{"line":53,"column":58}},"18":{"start":{"line":55,"column":10},"end":{"line":55,"column":75}},"19":{"start":{"line":58,"column":10},"end":{"line":58,"column":54}},"20":{"start":{"line":62,"column":6},"end":{"line":62,"column":64}},"21":{"start":{"line":63,"column":6},"end":{"line":63,"column":33}},"22":{"start":{"line":68,"column":4},"end":{"line":83,"column":null}},"23":{"start":{"line":69,"column":6},"end":{"line":79,"column":8}},"24":{"start":{"line":71,"column":10},"end":{"line":73,"column":null}},"25":{"start":{"line":72,"column":12},"end":{"line":72,"column":48}},"26":{"start":{"line":74,"column":10},"end":{"line":74,"column":67}},"27":{"start":{"line":77,"column":10},"end":{"line":77,"column":54}},"28":{"start":{"line":81,"column":6},"end":{"line":81,"column":54}},"29":{"start":{"line":82,"column":6},"end":{"line":82,"column":33}},"30":{"start":{"line":87,"column":4},"end":{"line":102,"column":null}},"31":{"start":{"line":88,"column":6},"end":{"line":98,"column":8}},"32":{"start":{"line":90,"column":10},"end":{"line":92,"column":null}},"33":{"start":{"line":91,"column":12},"end":{"line":91,"column":48}},"34":{"start":{"line":93,"column":10},"end":{"line":93,"column":69}},"35":{"start":{"line":96,"column":10},"end":{"line":96,"column":54}},"36":{"start":{"line":100,"column":6},"end":{"line":100,"column":54}},"37":{"start":{"line":101,"column":6},"end":{"line":101,"column":33}},"38":{"start":{"line":13,"column":13},"end":{"line":105,"column":null}}},"fnMap":{"0":{"name":"(anonymous_0)","decl":{"start":{"line":15,"column":2},"end":{"line":15,"column":22}},"loc":{"start":{"line":15,"column":50},"end":{"line":15,"column":55}}},"1":{"name":"(anonymous_1)","decl":{"start":{"line":22,"column":2},"end":{"line":22,"column":10}},"loc":{"start":{"line":22,"column":10},"end":{"line":27,"column":3}}},"2":{"name":"(anonymous_2)","decl":{"start":{"line":29,"column":2},"end":{"line":29,"column":22}},"loc":{"start":{"line":29,"column":22},"end":{"line":46,"column":3}}},"3":{"name":"(anonymous_3)","decl":{"start":{"line":32,"column":8},"end":{"line":32,"column":16}},"loc":{"start":{"line":32,"column":19},"end":{"line":37,"column":9}}},"4":{"name":"(anonymous_4)","decl":{"start":{"line":38,"column":8},"end":{"line":38,"column":13}},"loc":{"start":{"line":38,"column":16},"end":{"line":40,"column":9}}},"5":{"name":"(anonymous_5)","decl":{"start":{"line":48,"column":2},"end":{"line":48,"column":24}},"loc":{"start":{"line":48,"column":24},"end":{"line":65,"column":3}}},"6":{"name":"(anonymous_6)","decl":{"start":{"line":51,"column":8},"end":{"line":51,"column":16}},"loc":{"start":{"line":51,"column":19},"end":{"line":56,"column":9}}},"7":{"name":"(anonymous_7)","decl":{"start":{"line":57,"column":8},"end":{"line":57,"column":13}},"loc":{"start":{"line":57,"column":16},"end":{"line":59,"column":9}}},"8":{"name":"(anonymous_8)","decl":{"start":{"line":67,"column":2},"end":{"line":67,"column":16}},"loc":{"start":{"line":67,"column":16},"end":{"line":84,"column":3}}},"9":{"name":"(anonymous_9)","decl":{"start":{"line":70,"column":8},"end":{"line":70,"column":16}},"loc":{"start":{"line":70,"column":19},"end":{"line":75,"column":9}}},"10":{"name":"(anonymous_10)","decl":{"start":{"line":76,"column":8},"end":{"line":76,"column":13}},"loc":{"start":{"line":76,"column":16},"end":{"line":78,"column":9}}},"11":{"name":"(anonymous_11)","decl":{"start":{"line":86,"column":2},"end":{"line":86,"column":18}},"loc":{"start":{"line":86,"column":18},"end":{"line":103,"column":3}}},"12":{"name":"(anonymous_12)","decl":{"start":{"line":89,"column":8},"end":{"line":89,"column":16}},"loc":{"start":{"line":89,"column":19},"end":{"line":94,"column":9}}},"13":{"name":"(anonymous_13)","decl":{"start":{"line":95,"column":8},"end":{"line":95,"column":13}},"loc":{"start":{"line":95,"column":16},"end":{"line":97,"column":9}}}},"branchMap":{"0":{"loc":{"start":{"line":33,"column":10},"end":{"line":35,"column":null}},"type":"if","locations":[{"start":{"line":33,"column":10},"end":{"line":35,"column":null}},{"start":{"line":33,"column":10},"end":{"line":35,"column":null}}]},"1":{"loc":{"start":{"line":52,"column":10},"end":{"line":54,"column":null}},"type":"if","locations":[{"start":{"line":52,"column":10},"end":{"line":54,"column":null}},{"start":{"line":52,"column":10},"end":{"line":54,"column":null}}]},"2":{"loc":{"start":{"line":71,"column":10},"end":{"line":73,"column":null}},"type":"if","locations":[{"start":{"line":71,"column":10},"end":{"line":73,"column":null}},{"start":{"line":71,"column":10},"end":{"line":73,"column":null}}]},"3":{"loc":{"start":{"line":90,"column":10},"end":{"line":92,"column":null}},"type":"if","locations":[{"start":{"line":90,"column":10},"end":{"line":92,"column":null}},{"start":{"line":90,"column":10},"end":{"line":92,"column":null}}]}},"s":{"0":1,"1":3,"2":5,"3":5,"4":5,"5":5,"6":5,"7":5,"8":1,"9":0,"10":1,"11":0,"12":4,"13":4,"14":5,"15":5,"16":1,"17":0,"18":1,"19":0,"20":4,"21":4,"22":5,"23":5,"24":0,"25":0,"26":0,"27":0,"28":5,"29":5,"30":5,"31":5,"32":0,"33":0,"34":0,"35":0,"36":5,"37":5,"38":1},"f":{"0":3,"1":5,"2":5,"3":1,"4":0,"5":5,"6":1,"7":0,"8":5,"9":0,"10":0,"11":5,"12":0,"13":0},"b":{"0":[0,1],"1":[0,1],"2":[0,0],"3":[0,0]}}
,"C:\\Users\\la combe 9\\Documents\\BLOG\\BlogCreator4Engineer\\src\\app\\components\\home\\home.component.ts": {"path":"C:\\Users\\la combe 9\\Documents\\BLOG\\BlogCreator4Engineer\\src\\app\\components\\home\\home.component.ts","statementMap":{"0":{"start":{"line":11,"column":0},"end":{"line":48,"column":null}},"1":{"start":{"line":17,"column":22},"end":{"line":17,"column":38}},"2":{"start":{"line":15,"column":2},"end":{"line":15,"column":55}},"3":{"start":{"line":20,"column":4},"end":{"line":20,"column":26}},"4":{"start":{"line":24,"column":4},"end":{"line":45,"column":null}},"5":{"start":{"line":25,"column":6},"end":{"line":41,"column":8}},"6":{"start":{"line":27,"column":10},"end":{"line":29,"column":null}},"7":{"start":{"line":28,"column":12},"end":{"line":28,"column":50}},"8":{"start":{"line":30,"column":10},"end":{"line":30,"column":43}},"9":{"start":{"line":31,"column":30},"end":{"line":31,"column":72}},"10":{"start":{"line":32,"column":10},"end":{"line":32,"column":26}},"11":{"start":{"line":33,"column":10},"end":{"line":33,"column":40}},"12":{"start":{"line":34,"column":10},"end":{"line":34,"column":37}},"13":{"start":{"line":36,"column":10},"end":{"line":36,"column":36}},"14":{"start":{"line":39,"column":10},"end":{"line":39,"column":54}},"15":{"start":{"line":43,"column":6},"end":{"line":43,"column":48}},"16":{"start":{"line":44,"column":6},"end":{"line":44,"column":33}},"17":{"start":{"line":11,"column":13},"end":{"line":48,"column":null}}},"fnMap":{"0":{"name":"(anonymous_0)","decl":{"start":{"line":17,"column":2},"end":{"line":17,"column":22}},"loc":{"start":{"line":17,"column":52},"end":{"line":17,"column":57}}},"1":{"name":"(anonymous_1)","decl":{"start":{"line":19,"column":2},"end":{"line":19,"column":10}},"loc":{"start":{"line":19,"column":10},"end":{"line":21,"column":3}}},"2":{"name":"(anonymous_2)","decl":{"start":{"line":23,"column":10},"end":{"line":23,"column":24}},"loc":{"start":{"line":23,"column":24},"end":{"line":46,"column":3}}},"3":{"name":"(anonymous_3)","decl":{"start":{"line":26,"column":8},"end":{"line":26,"column":16}},"loc":{"start":{"line":26,"column":19},"end":{"line":37,"column":9}}},"4":{"name":"(anonymous_4)","decl":{"start":{"line":38,"column":8},"end":{"line":38,"column":13}},"loc":{"start":{"line":38,"column":16},"end":{"line":40,"column":9}}}},"branchMap":{"0":{"loc":{"start":{"line":27,"column":10},"end":{"line":29,"column":null}},"type":"if","locations":[{"start":{"line":27,"column":10},"end":{"line":29,"column":null}},{"start":{"line":27,"column":10},"end":{"line":29,"column":null}}]}},"s":{"0":1,"1":2,"2":2,"3":1,"4":1,"5":1,"6":0,"7":0,"8":0,"9":0,"10":0,"11":0,"12":0,"13":0,"14":0,"15":1,"16":1,"17":1},"f":{"0":2,"1":1,"2":1,"3":0,"4":0},"b":{"0":[0,0]}}
,"C:\\Users\\la combe 9\\Documents\\BLOG\\BlogCreator4Engineer\\src\\app\\components\\nav-bar\\nav-bar.component.ts": {"path":"C:\\Users\\la combe 9\\Documents\\BLOG\\BlogCreator4Engineer\\src\\app\\components\\nav-bar\\nav-bar.component.ts","statementMap":{"0":{"start":{"line":8,"column":0},"end":{"line":15,"column":null}},"1":{"start":{"line":8,"column":13},"end":{"line":15,"column":null}}},"fnMap":{"0":{"name":"(anonymous_0)","decl":{"start":{"line":10,"column":2},"end":{"line":10,"column":18}},"loc":{"start":{"line":10,"column":2},"end":{"line":10,"column":19}}},"1":{"name":"(anonymous_1)","decl":{"start":{"line":12,"column":2},"end":{"line":12,"column":10}},"loc":{"start":{"line":12,"column":10},"end":{"line":13,"column":3}}}},"branchMap":{},"s":{"0":1,"1":1},"f":{"0":1,"1":1},"b":{}}
,"C:\\Users\\la combe 9\\Documents\\BLOG\\BlogCreator4Engineer\\src\\app\\security\\auth.guard.ts": {"path":"C:\\Users\\la combe 9\\Documents\\BLOG\\BlogCreator4Engineer\\src\\app\\security\\auth.guard.ts","statementMap":{"0":{"start":{"line":8,"column":0},"end":{"line":18,"column":null}},"1":{"start":{"line":10,"column":21},"end":{"line":10,"column":29}},"2":{"start":{"line":15,"column":4},"end":{"line":15,"column":16}},"3":{"start":{"line":8,"column":13},"end":{"line":18,"column":null}}},"fnMap":{"0":{"name":"(anonymous_0)","decl":{"start":{"line":10,"column":2},"end":{"line":10,"column":21}},"loc":{"start":{"line":10,"column":35},"end":{"line":10,"column":40}}},"1":{"name":"(anonymous_1)","decl":{"start":{"line":12,"column":2},"end":{"line":12,"column":13}},"loc":{"start":{"line":14,"column":30},"end":{"line":16,"column":3}}}},"branchMap":{},"s":{"0":1,"1":1,"2":0,"3":1},"f":{"0":1,"1":0},"b":{}}
,"C:\\Users\\la combe 9\\Documents\\BLOG\\BlogCreator4Engineer\\src\\app\\services\\article.service.ts": {"path":"C:\\Users\\la combe 9\\Documents\\BLOG\\BlogCreator4Engineer\\src\\app\\services\\article.service.ts","statementMap":{"0":{"start":{"line":11,"column":0},"end":{"line":43,"column":null}},"1":{"start":{"line":16,"column":22},"end":{"line":16,"column":34}},"2":{"start":{"line":13,"column":2},"end":{"line":13,"column":53}},"3":{"start":{"line":20,"column":4},"end":{"line":27,"column":null}},"4":{"start":{"line":21,"column":6},"end":{"line":21,"column":63}},"5":{"start":{"line":23,"column":6},"end":{"line":23,"column":25}},"6":{"start":{"line":24,"column":6},"end":{"line":26,"column":36}},"7":{"start":{"line":28,"column":4},"end":{"line":29,"column":57}},"8":{"start":{"line":33,"column":4},"end":{"line":40,"column":8}},"9":{"start":{"line":37,"column":10},"end":{"line":37,"column":22}},"10":{"start":{"line":11,"column":13},"end":{"line":43,"column":null}}},"fnMap":{"0":{"name":"(anonymous_0)","decl":{"start":{"line":16,"column":2},"end":{"line":16,"column":22}},"loc":{"start":{"line":16,"column":44},"end":{"line":16,"column":49}}},"1":{"name":"(anonymous_1)","decl":{"start":{"line":19,"column":2},"end":{"line":19,"column":13}},"loc":{"start":{"line":19,"column":38},"end":{"line":30,"column":3}}},"2":{"name":"(anonymous_2)","decl":{"start":{"line":32,"column":2},"end":{"line":32,"column":15}},"loc":{"start":{"line":32,"column":15},"end":{"line":41,"column":3}}},"3":{"name":"(anonymous_3)","decl":{"start":{"line":36,"column":12},"end":{"line":36,"column":13}},"loc":{"start":{"line":36,"column":29},"end":{"line":38,"column":9}}}},"branchMap":{"0":{"loc":{"start":{"line":20,"column":4},"end":{"line":27,"column":null}},"type":"if","locations":[{"start":{"line":20,"column":4},"end":{"line":27,"column":null}},{"start":{"line":20,"column":4},"end":{"line":27,"column":null}}]}},"s":{"0":1,"1":0,"2":0,"3":0,"4":0,"5":0,"6":0,"7":0,"8":0,"9":0,"10":1},"f":{"0":0,"1":0,"2":0,"3":0},"b":{"0":[0,0]}}
,"C:\\Users\\la combe 9\\Documents\\BLOG\\BlogCreator4Engineer\\src\\app\\services\\resume.service.ts": {"path":"C:\\Users\\la combe 9\\Documents\\BLOG\\BlogCreator4Engineer\\src\\app\\services\\resume.service.ts","statementMap":{"0":{"start":{"line":14,"column":0},"end":{"line":78,"column":null}},"1":{"start":{"line":18,"column":22},"end":{"line":18,"column":35}},"2":{"start":{"line":16,"column":2},"end":{"line":16,"column":58}},"3":{"start":{"line":22,"column":4},"end":{"line":29,"column":null}},"4":{"start":{"line":23,"column":6},"end":{"line":23,"column":63}},"5":{"start":{"line":25,"column":6},"end":{"line":25,"column":25}},"6":{"start":{"line":26,"column":6},"end":{"line":28,"column":36}},"7":{"start":{"line":30,"column":4},"end":{"line":31,"column":57}},"8":{"start":{"line":35,"column":4},"end":{"line":42,"column":8}},"9":{"start":{"line":39,"column":10},"end":{"line":39,"column":22}},"10":{"start":{"line":46,"column":4},"end":{"line":53,"column":8}},"11":{"start":{"line":50,"column":10},"end":{"line":50,"column":22}},"12":{"start":{"line":57,"column":4},"end":{"line":64,"column":8}},"13":{"start":{"line":61,"column":10},"end":{"line":61,"column":22}},"14":{"start":{"line":68,"column":4},"end":{"line":75,"column":8}},"15":{"start":{"line":72,"column":10},"end":{"line":72,"column":22}},"16":{"start":{"line":14,"column":13},"end":{"line":78,"column":null}}},"fnMap":{"0":{"name":"(anonymous_0)","decl":{"start":{"line":18,"column":2},"end":{"line":18,"column":22}},"loc":{"start":{"line":18,"column":45},"end":{"line":18,"column":50}}},"1":{"name":"(anonymous_1)","decl":{"start":{"line":21,"column":2},"end":{"line":21,"column":13}},"loc":{"start":{"line":21,"column":38},"end":{"line":32,"column":3}}},"2":{"name":"(anonymous_2)","decl":{"start":{"line":34,"column":2},"end":{"line":34,"column":24}},"loc":{"start":{"line":34,"column":24},"end":{"line":43,"column":3}}},"3":{"name":"(anonymous_3)","decl":{"start":{"line":38,"column":12},"end":{"line":38,"column":13}},"loc":{"start":{"line":38,"column":34},"end":{"line":40,"column":9}}},"4":{"name":"(anonymous_4)","decl":{"start":{"line":45,"column":2},"end":{"line":45,"column":19}},"loc":{"start":{"line":45,"column":19},"end":{"line":54,"column":3}}},"5":{"name":"(anonymous_5)","decl":{"start":{"line":49,"column":12},"end":{"line":49,"column":13}},"loc":{"start":{"line":49,"column":31},"end":{"line":51,"column":9}}},"6":{"name":"(anonymous_6)","decl":{"start":{"line":56,"column":2},"end":{"line":56,"column":22}},"loc":{"start":{"line":56,"column":22},"end":{"line":65,"column":3}}},"7":{"name":"(anonymous_7)","decl":{"start":{"line":60,"column":12},"end":{"line":60,"column":13}},"loc":{"start":{"line":60,"column":35},"end":{"line":62,"column":9}}},"8":{"name":"(anonymous_8)","decl":{"start":{"line":67,"column":2},"end":{"line":67,"column":21}},"loc":{"start":{"line":67,"column":21},"end":{"line":76,"column":3}}},"9":{"name":"(anonymous_9)","decl":{"start":{"line":71,"column":12},"end":{"line":71,"column":13}},"loc":{"start":{"line":71,"column":34},"end":{"line":73,"column":9}}}},"branchMap":{"0":{"loc":{"start":{"line":22,"column":4},"end":{"line":29,"column":null}},"type":"if","locations":[{"start":{"line":22,"column":4},"end":{"line":29,"column":null}},{"start":{"line":22,"column":4},"end":{"line":29,"column":null}}]}},"s":{"0":1,"1":3,"2":3,"3":0,"4":0,"5":0,"6":0,"7":0,"8":1,"9":1,"10":1,"11":1,"12":0,"13":0,"14":0,"15":0,"16":1},"f":{"0":3,"1":0,"2":1,"3":1,"4":1,"5":1,"6":0,"7":0,"8":0,"9":0},"b":{"0":[0,0]}}
,"C:\\Users\\la combe 9\\Documents\\BLOG\\BlogCreator4Engineer\\src\\environments\\environment.ts": {"path":"C:\\Users\\la combe 9\\Documents\\BLOG\\BlogCreator4Engineer\\src\\environments\\environment.ts","statementMap":{"0":{"start":{"line":1,"column":27},"end":{"line":19,"column":2}}},"fnMap":{},"branchMap":{},"s":{"0":1},"f":{},"b":{}}
}
