TN:
SF:src\test.ts
FNF:0
FNH:0
DA:18,1
DA:23,1
DA:25,1
LF:3
LH:3
BRF:0
BRH:0
end_of_record
TN:
SF:src\app\app.component.ts
FN:8,(anonymous_0)
FNF:1
FNH:1
FNDA:2,(anonymous_0)
DA:8,1
DA:9,2
LF:2
LH:2
BRF:0
BRH:0
end_of_record
TN:
SF:src\app\components\about\about.component.ts
FN:15,(anonymous_0)
FN:22,(anonymous_1)
FN:29,(anonymous_2)
FN:32,(anonymous_3)
FN:38,(anonymous_4)
FN:48,(anonymous_5)
FN:51,(anonymous_6)
FN:57,(anonymous_7)
FN:67,(anonymous_8)
FN:70,(anonymous_9)
FN:76,(anonymous_10)
FN:86,(anonymous_11)
FN:89,(anonymous_12)
FN:95,(anonymous_13)
FNF:14
FNH:8
FNDA:3,(anonymous_0)
FNDA:5,(anonymous_1)
FNDA:5,(anonymous_2)
FNDA:1,(anonymous_3)
FNDA:0,(anonymous_4)
FNDA:5,(anonymous_5)
FNDA:1,(anonymous_6)
FNDA:0,(anonymous_7)
FNDA:5,(anonymous_8)
FNDA:0,(anonymous_9)
FNDA:0,(anonymous_10)
FNDA:5,(anonymous_11)
FNDA:0,(anonymous_12)
FNDA:0,(anonymous_13)
DA:13,1
DA:15,3
DA:23,5
DA:24,5
DA:25,5
DA:26,5
DA:30,5
DA:31,5
DA:33,1
DA:34,0
DA:36,1
DA:39,0
DA:43,4
DA:44,4
DA:49,5
DA:50,5
DA:52,1
DA:53,0
DA:55,1
DA:58,0
DA:62,4
DA:63,4
DA:68,5
DA:69,5
DA:71,0
DA:72,0
DA:74,0
DA:77,0
DA:81,5
DA:82,5
DA:87,5
DA:88,5
DA:90,0
DA:91,0
DA:93,0
DA:96,0
DA:100,5
DA:101,5
LF:38
LH:26
BRDA:33,0,0,0
BRDA:33,0,1,1
BRDA:52,1,0,0
BRDA:52,1,1,1
BRDA:71,2,0,0
BRDA:71,2,1,0
BRDA:90,3,0,0
BRDA:90,3,1,0
BRF:8
BRH:2
end_of_record
TN:
SF:src\app\components\home\home.component.ts
FN:17,(anonymous_0)
FN:19,(anonymous_1)
FN:23,(anonymous_2)
FN:26,(anonymous_3)
FN:38,(anonymous_4)
FNF:5
FNH:3
FNDA:2,(anonymous_0)
FNDA:1,(anonymous_1)
FNDA:1,(anonymous_2)
FNDA:0,(anonymous_3)
FNDA:0,(anonymous_4)
DA:11,1
DA:15,2
DA:17,2
DA:20,1
DA:24,1
DA:25,1
DA:27,0
DA:28,0
DA:30,0
DA:31,0
DA:32,0
DA:33,0
DA:34,0
DA:36,0
DA:39,0
DA:43,1
DA:44,1
LF:17
LH:8
BRDA:27,0,0,0
BRDA:27,0,1,0
BRF:2
BRH:0
end_of_record
TN:
SF:src\app\components\nav-bar\nav-bar.component.ts
FN:10,(anonymous_0)
FN:12,(anonymous_1)
FNF:2
FNH:2
FNDA:1,(anonymous_0)
FNDA:1,(anonymous_1)
DA:8,1
LF:1
LH:1
BRF:0
BRH:0
end_of_record
TN:
SF:src\app\security\auth.guard.ts
FN:10,(anonymous_0)
FN:12,(anonymous_1)
FNF:2
FNH:1
FNDA:1,(anonymous_0)
FNDA:0,(anonymous_1)
DA:8,1
DA:10,1
DA:15,0
LF:3
LH:2
BRF:0
BRH:0
end_of_record
TN:
SF:src\app\services\article.service.ts
FN:16,(anonymous_0)
FN:19,(anonymous_1)
FN:32,(anonymous_2)
FN:36,(anonymous_3)
FNF:4
FNH:0
FNDA:0,(anonymous_0)
FNDA:0,(anonymous_1)
FNDA:0,(anonymous_2)
FNDA:0,(anonymous_3)
DA:11,1
DA:13,0
DA:16,0
DA:20,0
DA:21,0
DA:23,0
DA:24,0
DA:28,0
DA:33,0
DA:37,0
LF:10
LH:1
BRDA:20,0,0,0
BRDA:20,0,1,0
BRF:2
BRH:0
end_of_record
TN:
SF:src\app\services\resume.service.ts
FN:18,(anonymous_0)
FN:21,(anonymous_1)
FN:34,(anonymous_2)
FN:38,(anonymous_3)
FN:45,(anonymous_4)
FN:49,(anonymous_5)
FN:56,(anonymous_6)
FN:60,(anonymous_7)
FN:67,(anonymous_8)
FN:71,(anonymous_9)
FNF:10
FNH:5
FNDA:3,(anonymous_0)
FNDA:0,(anonymous_1)
FNDA:1,(anonymous_2)
FNDA:1,(anonymous_3)
FNDA:1,(anonymous_4)
FNDA:1,(anonymous_5)
FNDA:0,(anonymous_6)
FNDA:0,(anonymous_7)
FNDA:0,(anonymous_8)
FNDA:0,(anonymous_9)
DA:14,1
DA:16,3
DA:18,3
DA:22,0
DA:23,0
DA:25,0
DA:26,0
DA:30,0
DA:35,1
DA:39,1
DA:46,1
DA:50,1
DA:57,0
DA:61,0
DA:68,0
DA:72,0
LF:16
LH:7
BRDA:22,0,0,0
BRDA:22,0,1,0
BRF:2
BRH:0
end_of_record
TN:
SF:src\environments\environment.ts
FNF:0
FNH:0
DA:1,1
LF:1
LH:1
BRF:0
BRH:0
end_of_record
